src/components/ProtectedRoute.tsx(10,19): error TS2339: Property 'isLoading' does not exist on type 'AuthContextType'.
src/components/Topbar.tsx(54,23): error TS2322: Type 'import("D:/Personal Projects/invoice system database/src/types/types").User | null' is not assignable to type 'import("D:/Personal Projects/invoice system database/src/types/auth").User | null'.
  Type 'import("D:/Personal Projects/invoice system database/src/types/types").User' is not assignable to type 'import("D:/Personal Projects/invoice system database/src/types/auth").User'.
    Types of property 'role' are incompatible.
      Type 'string' is not assignable to type 'UserRole'.
src/contexts/AuthContext.tsx(118,57): error TS2322: Type '(username: string, password: string) => Promise<{ success: boolean; forceReset?: boolean; message?: string; }>' is not assignable to type '(token: string, user: User) => void'.
  Types of parameters 'password' and 'user' are incompatible.
    Type 'User' is not assignable to type 'string'.
src/contexts/ThemeContext.tsx(60,49): error TS2367: This comparison appears to be unintentional because the types '"light"' and '"auto"' have no overlap.
src/contexts/ThemeContext.tsx(75,13): error TS2353: Object literal may only specify known properties, and 'indigo' does not exist in type 'Record<AccentColor, Record<string, string>>'.
src/contexts/ThemeContext.tsx(188,17): error TS2367: This comparison appears to be unintentional because the types 'ThemeMode' and '"auto"' have no overlap.
src/contexts/ThemeContext.tsx(189,33): error TS2345: Argument of type '"auto"' is not assignable to parameter of type 'ThemeMode'.
src/contexts/ThemeContext.tsx(199,13): error TS2353: Object literal may only specify known properties, and 'setTheme' does not exist in type 'ThemeContextType'.
src/pages/AuditLogs.tsx(52,53): error TS2345: Argument of type 'string' is not assignable to parameter of type 'number'.
src/pages/AuditLogs.tsx(131,85): error TS2345: Argument of type 'number' is not assignable to parameter of type 'string'.
src/pages/Inventory.tsx(66,17): error TS2322: Type '{ priceKsh: number; priceUSD: number; quantity: number; id: string; name: string; category?: string | undefined; description?: string | undefined; }[]' is not assignable to type 'StockItem[]'.
  Type '{ priceKsh: number; priceUSD: number; quantity: number; id: string; name: string; category?: string; description?: string; }' is not assignable to type 'StockItem'.
    Types of property 'category' are incompatible.
      Type 'string | undefined' is not assignable to type 'Category'.
        Type 'undefined' is not assignable to type 'Category'.
src/pages/Inventory.tsx(66,44): error TS2769: No overload matches this call.
  Overload 1 of 2, '(predicate: (value: { priceKsh: number; priceUSD: number; quantity: number; id: string; name: string; category?: string | undefined; description?: string | undefined; }, index: number, array: { priceKsh: number; ... 5 more ...; description?: string | undefined; }[]) => value is { ...; }, thisArg?: any): { ...; }[]', gave the following error.
    Argument of type '(i: StockItem) => boolean' is not assignable to parameter of type '(value: { priceKsh: number; priceUSD: number; quantity: number; id: string; name: string; category?: string | undefined; description?: string | undefined; }, index: number, array: { priceKsh: number; ... 5 more ...; description?: string | undefined; }[]) => value is { ...; }'.
      Types of parameters 'i' and 'value' are incompatible.
        Type '{ priceKsh: number; priceUSD: number; quantity: number; id: string; name: string; category?: string; description?: string; }' is not assignable to type 'StockItem'.
          Types of property 'category' are incompatible.
            Type 'string | undefined' is not assignable to type 'Category'.
              Type 'undefined' is not assignable to type 'Category'.
  Overload 2 of 2, '(predicate: (value: { priceKsh: number; priceUSD: number; quantity: number; id: string; name: string; category?: string | undefined; description?: string | undefined; }, index: number, array: { priceKsh: number; ... 5 more ...; description?: string | undefined; }[]) => unknown, thisArg?: any): { ...; }[]', gave the following error.
    Argument of type '(i: StockItem) => boolean' is not assignable to parameter of type '(value: { priceKsh: number; priceUSD: number; quantity: number; id: string; name: string; category?: string | undefined; description?: string | undefined; }, index: number, array: { priceKsh: number; ... 5 more ...; description?: string | undefined; }[]) => unknown'.
      Types of parameters 'i' and 'value' are incompatible.
        Type '{ priceKsh: number; priceUSD: number; quantity: number; id: string; name: string; category?: string; description?: string; }' is not assignable to type 'StockItem'.
          Types of property 'category' are incompatible.
            Type 'string | undefined' is not assignable to type 'Category'.
              Type 'undefined' is not assignable to type 'Category'.
src/pages/Inventory.tsx(67,17): error TS2322: Type '{ priceKsh: number; priceUSD: number; quantity: number; id: string; name: string; category?: string | undefined; description?: string | undefined; }[]' is not assignable to type 'StockItem[]'.
  Type '{ priceKsh: number; priceUSD: number; quantity: number; id: string; name: string; category?: string; description?: string; }' is not assignable to type 'StockItem'.
    Types of property 'category' are incompatible.
      Type 'string | undefined' is not assignable to type 'Category'.
        Type 'undefined' is not assignable to type 'Category'.
src/pages/Inventory.tsx(67,48): error TS2769: No overload matches this call.
  Overload 1 of 2, '(predicate: (value: { priceKsh: number; priceUSD: number; quantity: number; id: string; name: string; category?: string | undefined; description?: string | undefined; }, index: number, array: { priceKsh: number; ... 5 more ...; description?: string | undefined; }[]) => value is { ...; }, thisArg?: any): { ...; }[]', gave the following error.
    Argument of type '(i: StockItem) => boolean' is not assignable to parameter of type '(value: { priceKsh: number; priceUSD: number; quantity: number; id: string; name: string; category?: string | undefined; description?: string | undefined; }, index: number, array: { priceKsh: number; ... 5 more ...; description?: string | undefined; }[]) => value is { ...; }'.
      Types of parameters 'i' and 'value' are incompatible.
        Type '{ priceKsh: number; priceUSD: number; quantity: number; id: string; name: string; category?: string; description?: string; }' is not assignable to type 'StockItem'.
          Types of property 'category' are incompatible.
            Type 'string | undefined' is not assignable to type 'Category'.
              Type 'undefined' is not assignable to type 'Category'.
  Overload 2 of 2, '(predicate: (value: { priceKsh: number; priceUSD: number; quantity: number; id: string; name: string; category?: string | undefined; description?: string | undefined; }, index: number, array: { priceKsh: number; ... 5 more ...; description?: string | undefined; }[]) => unknown, thisArg?: any): { ...; }[]', gave the following error.
    Argument of type '(i: StockItem) => boolean' is not assignable to parameter of type '(value: { priceKsh: number; priceUSD: number; quantity: number; id: string; name: string; category?: string | undefined; description?: string | undefined; }, index: number, array: { priceKsh: number; ... 5 more ...; description?: string | undefined; }[]) => unknown'.
      Types of parameters 'i' and 'value' are incompatible.
        Type '{ priceKsh: number; priceUSD: number; quantity: number; id: string; name: string; category?: string; description?: string; }' is not assignable to type 'StockItem'.
          Types of property 'category' are incompatible.
            Type 'string | undefined' is not assignable to type 'Category'.
              Type 'undefined' is not assignable to type 'Category'.
src/pages/Inventory.tsx(68,17): error TS2322: Type '{ priceKsh: number; priceUSD: number; quantity: number; id: string; name: string; category?: string | undefined; description?: string | undefined; }[]' is not assignable to type 'StockItem[]'.
  Type '{ priceKsh: number; priceUSD: number; quantity: number; id: string; name: string; category?: string; description?: string; }' is not assignable to type 'StockItem'.
    Types of property 'category' are incompatible.
      Type 'string | undefined' is not assignable to type 'Category'.
        Type 'undefined' is not assignable to type 'Category'.
src/pages/Inventory.tsx(68,44): error TS2769: No overload matches this call.
  Overload 1 of 2, '(predicate: (value: { priceKsh: number; priceUSD: number; quantity: number; id: string; name: string; category?: string | undefined; description?: string | undefined; }, index: number, array: { priceKsh: number; ... 5 more ...; description?: string | undefined; }[]) => value is { ...; }, thisArg?: any): { ...; }[]', gave the following error.
    Argument of type '(i: StockItem) => boolean' is not assignable to parameter of type '(value: { priceKsh: number; priceUSD: number; quantity: number; id: string; name: string; category?: string | undefined; description?: string | undefined; }, index: number, array: { priceKsh: number; ... 5 more ...; description?: string | undefined; }[]) => value is { ...; }'.
      Types of parameters 'i' and 'value' are incompatible.
        Type '{ priceKsh: number; priceUSD: number; quantity: number; id: string; name: string; category?: string; description?: string; }' is not assignable to type 'StockItem'.
          Types of property 'category' are incompatible.
            Type 'string | undefined' is not assignable to type 'Category'.
              Type 'undefined' is not assignable to type 'Category'.
  Overload 2 of 2, '(predicate: (value: { priceKsh: number; priceUSD: number; quantity: number; id: string; name: string; category?: string | undefined; description?: string | undefined; }, index: number, array: { priceKsh: number; ... 5 more ...; description?: string | undefined; }[]) => unknown, thisArg?: any): { ...; }[]', gave the following error.
    Argument of type '(i: StockItem) => boolean' is not assignable to parameter of type '(value: { priceKsh: number; priceUSD: number; quantity: number; id: string; name: string; category?: string | undefined; description?: string | undefined; }, index: number, array: { priceKsh: number; ... 5 more ...; description?: string | undefined; }[]) => unknown'.
      Types of parameters 'i' and 'value' are incompatible.
        Type '{ priceKsh: number; priceUSD: number; quantity: number; id: string; name: string; category?: string; description?: string; }' is not assignable to type 'StockItem'.
          Types of property 'category' are incompatible.
            Type 'string | undefined' is not assignable to type 'Category'.
              Type 'undefined' is not assignable to type 'Category'.
src/pages/Inventory.tsx(176,57): error TS2353: Object literal may only specify known properties, and 'quantity' does not exist in type 'Product'.
src/pages/Login.tsx(13,20): error TS2339: Property 'recoveryLogin' does not exist on type 'AuthContextType'.
src/pages/Login.tsx(30,50): error TS2345: Argument of type 'string' is not assignable to parameter of type 'User'.
src/pages/Login.tsx(31,24): error TS2339: Property 'success' does not exist on type 'void'.
src/pages/Login.tsx(32,28): error TS2339: Property 'forceReset' does not exist on type 'void'.
src/pages/Login.tsx(38,33): error TS2339: Property 'message' does not exist on type 'void'.
src/pages/Preferences.tsx(108,63): error TS2345: Argument of type '"blue" | "slate" | "indigo" | "emerald" | "rose"' is not assignable to parameter of type 'AccentColor'.
  Type '"indigo"' is not assignable to type 'AccentColor'.
src/pages/ResetPassword.tsx(23,38): error TS2322: Type 'number | undefined' is not assignable to type 'number'.
  Type 'undefined' is not assignable to type 'number'.
src/utils/backupManager.ts(2,10): error TS1484: 'Invoice' is a type and must be imported using a type-only import when 'verbatimModuleSyntax' is enabled.
src/utils/backupManager.ts(2,19): error TS1484: 'Product' is a type and must be imported using a type-only import when 'verbatimModuleSyntax' is enabled.
src/utils/backupManager.ts(2,28): error TS1484: 'Customer' is a type and must be imported using a type-only import when 'verbatimModuleSyntax' is enabled.
