src/components/AdminOverseer.tsx(32,68): error TS7006: Parameter 'p' implicitly has an 'any' type.
src/components/ProtectedRoute.tsx(34,49): error TS7006: Parameter 'path' implicitly has an 'any' type.
src/contexts/AuthContext.tsx(4,15): error TS2305: Module '"../types/types"' has no exported member 'User'.
src/contexts/AuthContext.tsx(4,21): error TS2305: Module '"../types/types"' has no exported member 'UserRole'.
src/contexts/AuthContext.tsx(4,31): error TS2305: Module '"../types/types"' has no exported member 'AuthContextType'.
src/contexts/ThemeContext.tsx(4,15): error TS2305: Module '"../types/types"' has no exported member 'ThemeMode'.
src/contexts/ThemeContext.tsx(4,26): error TS2305: Module '"../types/types"' has no exported member 'UiDensity'.
src/contexts/ThemeContext.tsx(4,37): error TS2305: Module '"../types/types"' has no exported member 'AccentColor'.
src/contexts/ThemeContext.tsx(4,50): error TS2305: Module '"../types/types"' has no exported member 'ThemeContextType'.
src/contexts/ToastContext.tsx(5,15): error TS2305: Module '"../types/types"' has no exported member 'ToastType'.
src/contexts/ToastContext.tsx(5,26): error TS2305: Module '"../types/types"' has no exported member 'ToastMessage'.
src/contexts/ToastContext.tsx(5,40): error TS2305: Module '"../types/types"' has no exported member 'ToastContextType'.
src/pages/AddStock.tsx(158,22): error TS2552: Cannot find name 'FaArrowLeft'. Did you mean 'FiArrowLeft'?
src/pages/AuditLogs.tsx(131,85): error TS2345: Argument of type 'number' is not assignable to parameter of type 'string'.
src/pages/AuditLogs.tsx(201,42): error TS2552: Cannot find name 'FiUser'. Did you mean 'user'?
src/pages/Inventory.tsx(65,17): error TS2322: Type '{ priceKsh: number; priceUSD: number; id: string; name: string; category?: string | undefined; description?: string | undefined; }[]' is not assignable to type 'StockItem[]'.
  Property 'quantity' is missing in type '{ priceKsh: number; priceUSD: number; id: string; name: string; category?: string; description?: string; }' but required in type 'StockItem'.
src/pages/Inventory.tsx(65,44): error TS2769: No overload matches this call.
  Overload 1 of 2, '(predicate: (value: { priceKsh: number; priceUSD: number; id: string; name: string; category?: string | undefined; description?: string | undefined; }, index: number, array: { priceKsh: number; priceUSD: number; id: string; name: string; category?: string | undefined; description?: string | undefined; }[]) => value is { ...; }, thisArg?: any): { ...; }[]', gave the following error.
    Argument of type '(i: StockItem) => boolean' is not assignable to parameter of type '(value: { priceKsh: number; priceUSD: number; id: string; name: string; category?: string | undefined; description?: string | undefined; }, index: number, array: { priceKsh: number; priceUSD: number; id: string; name: string; category?: string | undefined; description?: string | undefined; }[]) => value is { ...; }'.
      Types of parameters 'i' and 'value' are incompatible.
        Property 'quantity' is missing in type '{ priceKsh: number; priceUSD: number; id: string; name: string; category?: string; description?: string; }' but required in type 'StockItem'.
  Overload 2 of 2, '(predicate: (value: { priceKsh: number; priceUSD: number; id: string; name: string; category?: string | undefined; description?: string | undefined; }, index: number, array: { priceKsh: number; priceUSD: number; id: string; name: string; category?: string | undefined; description?: string | undefined; }[]) => unknown, thisArg?: any): { ...; }[]', gave the following error.
    Argument of type '(i: StockItem) => boolean' is not assignable to parameter of type '(value: { priceKsh: number; priceUSD: number; id: string; name: string; category?: string | undefined; description?: string | undefined; }, index: number, array: { priceKsh: number; priceUSD: number; id: string; name: string; category?: string | undefined; description?: string | undefined; }[]) => unknown'.
      Types of parameters 'i' and 'value' are incompatible.
        Property 'quantity' is missing in type '{ priceKsh: number; priceUSD: number; id: string; name: string; category?: string; description?: string; }' but required in type 'StockItem'.
src/pages/Inventory.tsx(66,17): error TS2322: Type '{ priceKsh: number; priceUSD: number; id: string; name: string; category?: string | undefined; description?: string | undefined; }[]' is not assignable to type 'StockItem[]'.
  Property 'quantity' is missing in type '{ priceKsh: number; priceUSD: number; id: string; name: string; category?: string; description?: string; }' but required in type 'StockItem'.
src/pages/Inventory.tsx(66,48): error TS2769: No overload matches this call.
  Overload 1 of 2, '(predicate: (value: { priceKsh: number; priceUSD: number; id: string; name: string; category?: string | undefined; description?: string | undefined; }, index: number, array: { priceKsh: number; priceUSD: number; id: string; name: string; category?: string | undefined; description?: string | undefined; }[]) => value is { ...; }, thisArg?: any): { ...; }[]', gave the following error.
    Argument of type '(i: StockItem) => boolean' is not assignable to parameter of type '(value: { priceKsh: number; priceUSD: number; id: string; name: string; category?: string | undefined; description?: string | undefined; }, index: number, array: { priceKsh: number; priceUSD: number; id: string; name: string; category?: string | undefined; description?: string | undefined; }[]) => value is { ...; }'.
      Types of parameters 'i' and 'value' are incompatible.
        Property 'quantity' is missing in type '{ priceKsh: number; priceUSD: number; id: string; name: string; category?: string; description?: string; }' but required in type 'StockItem'.
  Overload 2 of 2, '(predicate: (value: { priceKsh: number; priceUSD: number; id: string; name: string; category?: string | undefined; description?: string | undefined; }, index: number, array: { priceKsh: number; priceUSD: number; id: string; name: string; category?: string | undefined; description?: string | undefined; }[]) => unknown, thisArg?: any): { ...; }[]', gave the following error.
    Argument of type '(i: StockItem) => boolean' is not assignable to parameter of type '(value: { priceKsh: number; priceUSD: number; id: string; name: string; category?: string | undefined; description?: string | undefined; }, index: number, array: { priceKsh: number; priceUSD: number; id: string; name: string; category?: string | undefined; description?: string | undefined; }[]) => unknown'.
      Types of parameters 'i' and 'value' are incompatible.
        Property 'quantity' is missing in type '{ priceKsh: number; priceUSD: number; id: string; name: string; category?: string; description?: string; }' but required in type 'StockItem'.
src/pages/Inventory.tsx(67,17): error TS2322: Type '{ priceKsh: number; priceUSD: number; id: string; name: string; category?: string | undefined; description?: string | undefined; }[]' is not assignable to type 'StockItem[]'.
  Property 'quantity' is missing in type '{ priceKsh: number; priceUSD: number; id: string; name: string; category?: string; description?: string; }' but required in type 'StockItem'.
src/pages/Inventory.tsx(67,44): error TS2769: No overload matches this call.
  Overload 1 of 2, '(predicate: (value: { priceKsh: number; priceUSD: number; id: string; name: string; category?: string | undefined; description?: string | undefined; }, index: number, array: { priceKsh: number; priceUSD: number; id: string; name: string; category?: string | undefined; description?: string | undefined; }[]) => value is { ...; }, thisArg?: any): { ...; }[]', gave the following error.
    Argument of type '(i: StockItem) => boolean' is not assignable to parameter of type '(value: { priceKsh: number; priceUSD: number; id: string; name: string; category?: string | undefined; description?: string | undefined; }, index: number, array: { priceKsh: number; priceUSD: number; id: string; name: string; category?: string | undefined; description?: string | undefined; }[]) => value is { ...; }'.
      Types of parameters 'i' and 'value' are incompatible.
        Property 'quantity' is missing in type '{ priceKsh: number; priceUSD: number; id: string; name: string; category?: string; description?: string; }' but required in type 'StockItem'.
  Overload 2 of 2, '(predicate: (value: { priceKsh: number; priceUSD: number; id: string; name: string; category?: string | undefined; description?: string | undefined; }, index: number, array: { priceKsh: number; priceUSD: number; id: string; name: string; category?: string | undefined; description?: string | undefined; }[]) => unknown, thisArg?: any): { ...; }[]', gave the following error.
    Argument of type '(i: StockItem) => boolean' is not assignable to parameter of type '(value: { priceKsh: number; priceUSD: number; id: string; name: string; category?: string | undefined; description?: string | undefined; }, index: number, array: { priceKsh: number; priceUSD: number; id: string; name: string; category?: string | undefined; description?: string | undefined; }[]) => unknown'.
      Types of parameters 'i' and 'value' are incompatible.
        Property 'quantity' is missing in type '{ priceKsh: number; priceUSD: number; id: string; name: string; category?: string; description?: string; }' but required in type 'StockItem'.
src/pages/Inventory.tsx(175,57): error TS2353: Object literal may only specify known properties, and 'quantity' does not exist in type 'Product'.
src/pages/Users.tsx(8,15): error TS2305: Module '"../types/types"' has no exported member 'User'.
src/pages/Users.tsx(169,22): error TS2304: Cannot find name 'FiPlus'.
src/pages/Users.tsx(359,38): error TS2304: Cannot find name 'FiPlus'.
src/services/api.ts(3,15): error TS2305: Module '"../types/types"' has no exported member 'User'.
src/utils/backupManager.ts(2,10): error TS1484: 'Invoice' is a type and must be imported using a type-only import when 'verbatimModuleSyntax' is enabled.
src/utils/backupManager.ts(2,19): error TS1484: 'Product' is a type and must be imported using a type-only import when 'verbatimModuleSyntax' is enabled.
src/utils/backupManager.ts(2,28): error TS1484: 'Customer' is a type and must be imported using a type-only import when 'verbatimModuleSyntax' is enabled.
src/utils/backupManager.ts(103,13): error TS2741: Property 'data' is missing in type 'Record<string, any>' but required in type '{ data: { [key: string]: any; invoices?: Invoice[] | undefined; konsut_clients?: Customer[] | undefined; stockData?: Record<string, Product[]> | undefined; ... 4 more ...; usdToKshRate?: string | undefined; }; }'.
